<?xml version="1.0" encoding="UTF-8" ?>
<testsuite errors="0" failures="1" hostname="dcet1-info06.uneb.br" name="aplicacao.ShoppingVirtualTest" tests="3" time="2.032" timestamp="2010-11-19T15:33:00">
  <properties>
[...]
</properties>
  <testcase classname="aplicacao.ShoppingVirtualTest" name="testGetInstancia" time="1.757" />
  <testcase classname="aplicacao.ShoppingVirtualTest" name="testAdicionarItemCarrinho" time="0.113" />
  <testcase classname="aplicacao.ShoppingVirtualTest" name="testFinalizarCompra" time="0.0030">
    <failure message="expected:&lt;100.0&gt; but was:&lt;200.0&gt;" type="junit.framework.AssertionFailedError">junit.framework.AssertionFailedError: expected:&lt;100.0&gt; but was:&lt;200.0&gt;
	at aplicacao.ShoppingVirtualTest.testFinalizarCompra(ShoppingVirtualTest.java:93)
</failure>
  </testcase>
  <system-out><![CDATA[Iniciando Teste
getInstancia
Finalizando Teste
Iniciando Teste
adicionarItemCarrinho
Finalizando Teste
Iniciando Teste
finalizarCompra
Finalizando Teste
]]></system-out>
  <system-err><![CDATA[19/11/2010 12:33:00 org.hibernate.cfg.annotations.Version <clinit>
INFO: Hibernate Annotations 3.3.1.GA
19/11/2010 12:33:00 org.hibernate.cfg.Environment <clinit>
INFO: Hibernate 3.2.5
19/11/2010 12:33:00 org.hibernate.cfg.Environment <clinit>
INFO: hibernate.properties not found
19/11/2010 12:33:01 org.hibernate.cfg.Environment buildBytecodeProvider
INFO: Bytecode provider name : cglib
19/11/2010 12:33:01 org.hibernate.cfg.Environment <clinit>
INFO: using JDK 1.4 java.sql.Timestamp handling
19/11/2010 12:33:01 org.hibernate.ejb.Version <clinit>
INFO: Hibernate EntityManager 3.3.2.GA
19/11/2010 12:33:01 org.hibernate.cfg.AnnotationBinder bindClass
INFO: Binding entity from annotated class: aplicacao.Item
19/11/2010 12:33:01 org.hibernate.cfg.annotations.EntityBinder bindTable
INFO: Bind entity aplicacao.Item on table item
19/11/2010 12:33:01 org.hibernate.cfg.AnnotationBinder bindClass
INFO: Binding entity from annotated class: aplicacao.Produto
19/11/2010 12:33:01 org.hibernate.cfg.annotations.EntityBinder bindTable
INFO: Bind entity aplicacao.Produto on table produto
19/11/2010 12:33:01 org.hibernate.cfg.AnnotationBinder bindClass
INFO: Binding entity from annotated class: aplicacao.Loja
19/11/2010 12:33:01 org.hibernate.cfg.annotations.EntityBinder bindTable
INFO: Bind entity aplicacao.Loja on table loja
19/11/2010 12:33:01 org.hibernate.cfg.AnnotationBinder bindClass
INFO: Binding entity from annotated class: aplicacao.Pedido
19/11/2010 12:33:01 org.hibernate.cfg.annotations.EntityBinder bindTable
INFO: Bind entity aplicacao.Pedido on table pedido
19/11/2010 12:33:01 org.hibernate.cfg.AnnotationBinder bindClass
INFO: Binding entity from annotated class: aplicacao.Carrinho
19/11/2010 12:33:01 org.hibernate.cfg.annotations.EntityBinder bindTable
INFO: Bind entity aplicacao.Carrinho on table carrinho
19/11/2010 12:33:01 org.hibernate.cfg.annotations.CollectionBinder bindOneToManySecondPass
INFO: Mapping collection: aplicacao.Carrinho.itens -> item
19/11/2010 12:33:01 org.hibernate.cfg.AnnotationConfiguration secondPassCompile
INFO: Hibernate Validator not found: ignoring
19/11/2010 12:33:01 org.hibernate.connection.DriverManagerConnectionProvider configure
INFO: Using Hibernate built-in connection pool (not for production use!)
19/11/2010 12:33:01 org.hibernate.connection.DriverManagerConnectionProvider configure
INFO: Hibernate connection pool size: 20
19/11/2010 12:33:01 org.hibernate.connection.DriverManagerConnectionProvider configure
INFO: autocommit mode: true
19/11/2010 12:33:01 org.hibernate.connection.DriverManagerConnectionProvider configure
INFO: using driver: com.mysql.jdbc.Driver at URL: jdbc:mysql://localhost:3306/svtestes
19/11/2010 12:33:01 org.hibernate.connection.DriverManagerConnectionProvider configure
INFO: connection properties: {user=root, password=****, autocommit=true, release_mode=auto}
19/11/2010 12:33:01 org.hibernate.cfg.SettingsFactory buildSettings
INFO: RDBMS: MySQL, version: 5.1.52
19/11/2010 12:33:01 org.hibernate.cfg.SettingsFactory buildSettings
INFO: JDBC driver: MySQL-AB JDBC Driver, version: mysql-connector-java-5.1.13 ( Revision: ${bzr.revision-id} )
19/11/2010 12:33:01 org.hibernate.dialect.Dialect <init>
INFO: Using dialect: org.hibernate.dialect.MySQLDialect
19/11/2010 12:33:01 org.hibernate.transaction.TransactionFactoryFactory buildTransactionFactory
INFO: Transaction strategy: org.hibernate.transaction.JDBCTransactionFactory
19/11/2010 12:33:01 org.hibernate.transaction.TransactionManagerLookupFactory getTransactionManagerLookup
INFO: No TransactionManagerLookup configured (in JTA environment, use of read-write or transactional second-level cache is not recommended)
19/11/2010 12:33:01 org.hibernate.cfg.SettingsFactory buildSettings
INFO: Automatic flush during beforeCompletion(): disabled
19/11/2010 12:33:01 org.hibernate.cfg.SettingsFactory buildSettings
INFO: Automatic session close at end of transaction: disabled
19/11/2010 12:33:01 org.hibernate.cfg.SettingsFactory buildSettings
INFO: JDBC batch size: 15
19/11/2010 12:33:01 org.hibernate.cfg.SettingsFactory buildSettings
INFO: JDBC batch updates for versioned data: disabled
19/11/2010 12:33:01 org.hibernate.cfg.SettingsFactory buildSettings
INFO: Scrollable result sets: enabled
19/11/2010 12:33:01 org.hibernate.cfg.SettingsFactory buildSettings
INFO: JDBC3 getGeneratedKeys(): enabled
19/11/2010 12:33:01 org.hibernate.cfg.SettingsFactory buildSettings
INFO: Connection release mode: auto
19/11/2010 12:33:01 org.hibernate.cfg.SettingsFactory buildSettings
INFO: Maximum outer join fetch depth: 2
19/11/2010 12:33:01 org.hibernate.cfg.SettingsFactory buildSettings
INFO: Default batch fetch size: 1
19/11/2010 12:33:01 org.hibernate.cfg.SettingsFactory buildSettings
INFO: Generate SQL with comments: disabled
19/11/2010 12:33:01 org.hibernate.cfg.SettingsFactory buildSettings
INFO: Order SQL updates by primary key: disabled
19/11/2010 12:33:01 org.hibernate.cfg.SettingsFactory buildSettings
INFO: Order SQL inserts for batching: disabled
19/11/2010 12:33:01 org.hibernate.cfg.SettingsFactory createQueryTranslatorFactory
INFO: Query translator: org.hibernate.hql.ast.ASTQueryTranslatorFactory
19/11/2010 12:33:01 org.hibernate.hql.ast.ASTQueryTranslatorFactory <init>
INFO: Using ASTQueryTranslatorFactory
19/11/2010 12:33:01 org.hibernate.cfg.SettingsFactory buildSettings
INFO: Query language substitutions: {}
19/11/2010 12:33:01 org.hibernate.cfg.SettingsFactory buildSettings
INFO: JPA-QL strict compliance: enabled
19/11/2010 12:33:01 org.hibernate.cfg.SettingsFactory buildSettings
INFO: Second-level cache: enabled
19/11/2010 12:33:01 org.hibernate.cfg.SettingsFactory buildSettings
INFO: Query cache: disabled
19/11/2010 12:33:01 org.hibernate.cfg.SettingsFactory createCacheProvider
INFO: Cache provider: org.hibernate.cache.NoCacheProvider
19/11/2010 12:33:01 org.hibernate.cfg.SettingsFactory buildSettings
INFO: Optimize cache for minimal puts: disabled
19/11/2010 12:33:01 org.hibernate.cfg.SettingsFactory buildSettings
INFO: Structured second-level cache entries: disabled
19/11/2010 12:33:01 org.hibernate.cfg.SettingsFactory buildSettings
INFO: Statistics: disabled
19/11/2010 12:33:01 org.hibernate.cfg.SettingsFactory buildSettings
INFO: Deleted entity synthetic identifier rollback: disabled
19/11/2010 12:33:01 org.hibernate.cfg.SettingsFactory buildSettings
INFO: Default entity-mode: pojo
19/11/2010 12:33:01 org.hibernate.cfg.SettingsFactory buildSettings
INFO: Named query checking : enabled
19/11/2010 12:33:01 org.hibernate.impl.SessionFactoryImpl <init>
INFO: building session factory
19/11/2010 12:33:02 org.hibernate.impl.SessionFactoryObjectFactory addInstance
INFO: Not binding factory to JNDI, no JNDI name configured
19/11/2010 12:33:02 org.hibernate.tool.hbm2ddl.SchemaUpdate execute
INFO: Running hbm2ddl schema update
19/11/2010 12:33:02 org.hibernate.tool.hbm2ddl.SchemaUpdate execute
INFO: fetching database metadata
19/11/2010 12:33:02 org.hibernate.tool.hbm2ddl.SchemaUpdate execute
INFO: updating schema
19/11/2010 12:33:02 org.hibernate.tool.hbm2ddl.TableMetadata <init>
INFO: table found: svtestes.carrinho
19/11/2010 12:33:02 org.hibernate.tool.hbm2ddl.TableMetadata <init>
INFO: columns: [id_carrinho]
19/11/2010 12:33:02 org.hibernate.tool.hbm2ddl.TableMetadata <init>
INFO: foreign keys: []
19/11/2010 12:33:02 org.hibernate.tool.hbm2ddl.TableMetadata <init>
INFO: indexes: [primary]
19/11/2010 12:33:02 org.hibernate.tool.hbm2ddl.TableMetadata <init>
INFO: table found: svtestes.item
19/11/2010 12:33:02 org.hibernate.tool.hbm2ddl.TableMetadata <init>
INFO: columns: [quantidade, valor, id_produto, id_item, id_carrinho]
19/11/2010 12:33:02 org.hibernate.tool.hbm2ddl.TableMetadata <init>
INFO: foreign keys: []
19/11/2010 12:33:02 org.hibernate.tool.hbm2ddl.TableMetadata <init>
INFO: indexes: [primary, fk317b13ff68729f]
19/11/2010 12:33:02 org.hibernate.tool.hbm2ddl.TableMetadata <init>
INFO: table found: svtestes.loja
19/11/2010 12:33:02 org.hibernate.tool.hbm2ddl.TableMetadata <init>
INFO: columns: [id_loja, nome]
19/11/2010 12:33:02 org.hibernate.tool.hbm2ddl.TableMetadata <init>
INFO: foreign keys: []
19/11/2010 12:33:02 org.hibernate.tool.hbm2ddl.TableMetadata <init>
INFO: indexes: [primary]
19/11/2010 12:33:02 org.hibernate.tool.hbm2ddl.TableMetadata <init>
INFO: table found: svtestes.pedido
19/11/2010 12:33:02 org.hibernate.tool.hbm2ddl.TableMetadata <init>
INFO: columns: [carrinho_id_carrinho, valortotal, id_pedido]
19/11/2010 12:33:02 org.hibernate.tool.hbm2ddl.TableMetadata <init>
INFO: foreign keys: []
19/11/2010 12:33:02 org.hibernate.tool.hbm2ddl.TableMetadata <init>
INFO: indexes: [primary, fkc4dd17451e1ab2ea]
19/11/2010 12:33:02 org.hibernate.tool.hbm2ddl.TableMetadata <init>
INFO: table found: svtestes.produto
19/11/2010 12:33:02 org.hibernate.tool.hbm2ddl.TableMetadata <init>
INFO: columns: [preco, quantidade, imagem, id_produto, nome, loja_id_loja]
19/11/2010 12:33:02 org.hibernate.tool.hbm2ddl.TableMetadata <init>
INFO: foreign keys: []
19/11/2010 12:33:02 org.hibernate.tool.hbm2ddl.TableMetadata <init>
INFO: indexes: [primary, fked8dcef9ee598cba]
19/11/2010 12:33:02 org.hibernate.tool.hbm2ddl.SchemaUpdate execute
INFO: schema update complete
19/11/2010 12:33:02 org.hibernate.cfg.AnnotationBinder bindClass
INFO: Binding entity from annotated class: aplicacao.Item
19/11/2010 12:33:02 org.hibernate.cfg.annotations.EntityBinder bindTable
INFO: Bind entity aplicacao.Item on table item
19/11/2010 12:33:02 org.hibernate.cfg.AnnotationBinder bindClass
INFO: Binding entity from annotated class: aplicacao.Produto
19/11/2010 12:33:02 org.hibernate.cfg.annotations.EntityBinder bindTable
INFO: Bind entity aplicacao.Produto on table produto
19/11/2010 12:33:02 org.hibernate.cfg.AnnotationBinder bindClass
INFO: Binding entity from annotated class: aplicacao.Loja
19/11/2010 12:33:02 org.hibernate.cfg.annotations.EntityBinder bindTable
INFO: Bind entity aplicacao.Loja on table loja
19/11/2010 12:33:02 org.hibernate.cfg.AnnotationBinder bindClass
INFO: Binding entity from annotated class: aplicacao.Pedido
19/11/2010 12:33:02 org.hibernate.cfg.annotations.EntityBinder bindTable
INFO: Bind entity aplicacao.Pedido on table pedido
19/11/2010 12:33:02 org.hibernate.cfg.AnnotationBinder bindClass
INFO: Binding entity from annotated class: aplicacao.Carrinho
19/11/2010 12:33:02 org.hibernate.cfg.annotations.EntityBinder bindTable
INFO: Bind entity aplicacao.Carrinho on table carrinho
19/11/2010 12:33:02 org.hibernate.cfg.annotations.CollectionBinder bindOneToManySecondPass
INFO: Mapping collection: aplicacao.Carrinho.itens -> item
19/11/2010 12:33:02 org.hibernate.cfg.AnnotationConfiguration secondPassCompile
INFO: Hibernate Validator not found: ignoring
19/11/2010 12:33:02 org.hibernate.connection.DriverManagerConnectionProvider configure
INFO: Using Hibernate built-in connection pool (not for production use!)
19/11/2010 12:33:02 org.hibernate.connection.DriverManagerConnectionProvider configure
INFO: Hibernate connection pool size: 20
19/11/2010 12:33:02 org.hibernate.connection.DriverManagerConnectionProvider configure
INFO: autocommit mode: true
19/11/2010 12:33:02 org.hibernate.connection.DriverManagerConnectionProvider configure
INFO: using driver: com.mysql.jdbc.Driver at URL: jdbc:mysql://localhost:3306/svtestes
19/11/2010 12:33:02 org.hibernate.connection.DriverManagerConnectionProvider configure
INFO: connection properties: {user=root, password=****, autocommit=true, release_mode=auto}
19/11/2010 12:33:02 org.hibernate.cfg.SettingsFactory buildSettings
INFO: RDBMS: MySQL, version: 5.1.52
19/11/2010 12:33:02 org.hibernate.cfg.SettingsFactory buildSettings
INFO: JDBC driver: MySQL-AB JDBC Driver, version: mysql-connector-java-5.1.13 ( Revision: ${bzr.revision-id} )
19/11/2010 12:33:02 org.hibernate.dialect.Dialect <init>
INFO: Using dialect: org.hibernate.dialect.MySQLDialect
19/11/2010 12:33:02 org.hibernate.transaction.TransactionFactoryFactory buildTransactionFactory
INFO: Transaction strategy: org.hibernate.transaction.JDBCTransactionFactory
19/11/2010 12:33:02 org.hibernate.transaction.TransactionManagerLookupFactory getTransactionManagerLookup
INFO: No TransactionManagerLookup configured (in JTA environment, use of read-write or transactional second-level cache is not recommended)
19/11/2010 12:33:02 org.hibernate.cfg.SettingsFactory buildSettings
INFO: Automatic flush during beforeCompletion(): disabled
19/11/2010 12:33:02 org.hibernate.cfg.SettingsFactory buildSettings
INFO: Automatic session close at end of transaction: disabled
19/11/2010 12:33:02 org.hibernate.cfg.SettingsFactory buildSettings
INFO: JDBC batch size: 15
19/11/2010 12:33:02 org.hibernate.cfg.SettingsFactory buildSettings
INFO: JDBC batch updates for versioned data: disabled
19/11/2010 12:33:02 org.hibernate.cfg.SettingsFactory buildSettings
INFO: Scrollable result sets: enabled
19/11/2010 12:33:02 org.hibernate.cfg.SettingsFactory buildSettings
INFO: JDBC3 getGeneratedKeys(): enabled
19/11/2010 12:33:02 org.hibernate.cfg.SettingsFactory buildSettings
INFO: Connection release mode: auto
19/11/2010 12:33:02 org.hibernate.cfg.SettingsFactory buildSettings
INFO: Maximum outer join fetch depth: 2
19/11/2010 12:33:02 org.hibernate.cfg.SettingsFactory buildSettings
INFO: Default batch fetch size: 1
19/11/2010 12:33:02 org.hibernate.cfg.SettingsFactory buildSettings
INFO: Generate SQL with comments: disabled
19/11/2010 12:33:02 org.hibernate.cfg.SettingsFactory buildSettings
INFO: Order SQL updates by primary key: disabled
19/11/2010 12:33:02 org.hibernate.cfg.SettingsFactory buildSettings
INFO: Order SQL inserts for batching: disabled
19/11/2010 12:33:02 org.hibernate.cfg.SettingsFactory createQueryTranslatorFactory
INFO: Query translator: org.hibernate.hql.ast.ASTQueryTranslatorFactory
19/11/2010 12:33:02 org.hibernate.hql.ast.ASTQueryTranslatorFactory <init>
INFO: Using ASTQueryTranslatorFactory
19/11/2010 12:33:02 org.hibernate.cfg.SettingsFactory buildSettings
INFO: Query language substitutions: {}
19/11/2010 12:33:02 org.hibernate.cfg.SettingsFactory buildSettings
INFO: JPA-QL strict compliance: enabled
19/11/2010 12:33:02 org.hibernate.cfg.SettingsFactory buildSettings
INFO: Second-level cache: enabled
19/11/2010 12:33:02 org.hibernate.cfg.SettingsFactory buildSettings
INFO: Query cache: disabled
19/11/2010 12:33:02 org.hibernate.cfg.SettingsFactory createCacheProvider
INFO: Cache provider: org.hibernate.cache.NoCacheProvider
19/11/2010 12:33:02 org.hibernate.cfg.SettingsFactory buildSettings
INFO: Optimize cache for minimal puts: disabled
19/11/2010 12:33:02 org.hibernate.cfg.SettingsFactory buildSettings
INFO: Structured second-level cache entries: disabled
19/11/2010 12:33:02 org.hibernate.cfg.SettingsFactory buildSettings
INFO: Statistics: disabled
19/11/2010 12:33:02 org.hibernate.cfg.SettingsFactory buildSettings
INFO: Deleted entity synthetic identifier rollback: disabled
19/11/2010 12:33:02 org.hibernate.cfg.SettingsFactory buildSettings
INFO: Default entity-mode: pojo
19/11/2010 12:33:02 org.hibernate.cfg.SettingsFactory buildSettings
INFO: Named query checking : enabled
19/11/2010 12:33:02 org.hibernate.impl.SessionFactoryImpl <init>
INFO: building session factory
19/11/2010 12:33:02 org.hibernate.impl.SessionFactoryObjectFactory addInstance
INFO: Not binding factory to JNDI, no JNDI name configured
19/11/2010 12:33:02 org.hibernate.tool.hbm2ddl.SchemaUpdate execute
INFO: Running hbm2ddl schema update
19/11/2010 12:33:02 org.hibernate.tool.hbm2ddl.SchemaUpdate execute
INFO: fetching database metadata
19/11/2010 12:33:02 org.hibernate.tool.hbm2ddl.SchemaUpdate execute
INFO: updating schema
19/11/2010 12:33:02 org.hibernate.tool.hbm2ddl.TableMetadata <init>
INFO: table found: svtestes.carrinho
19/11/2010 12:33:02 org.hibernate.tool.hbm2ddl.TableMetadata <init>
INFO: columns: [id_carrinho]
19/11/2010 12:33:02 org.hibernate.tool.hbm2ddl.TableMetadata <init>
INFO: foreign keys: []
19/11/2010 12:33:02 org.hibernate.tool.hbm2ddl.TableMetadata <init>
INFO: indexes: [primary]
19/11/2010 12:33:02 org.hibernate.tool.hbm2ddl.TableMetadata <init>
INFO: table found: svtestes.item
19/11/2010 12:33:02 org.hibernate.tool.hbm2ddl.TableMetadata <init>
INFO: columns: [quantidade, valor, id_produto, id_item, id_carrinho]
19/11/2010 12:33:02 org.hibernate.tool.hbm2ddl.TableMetadata <init>
INFO: foreign keys: []
19/11/2010 12:33:02 org.hibernate.tool.hbm2ddl.TableMetadata <init>
INFO: indexes: [primary, fk317b13ff68729f]
19/11/2010 12:33:02 org.hibernate.tool.hbm2ddl.TableMetadata <init>
INFO: table found: svtestes.loja
19/11/2010 12:33:02 org.hibernate.tool.hbm2ddl.TableMetadata <init>
INFO: columns: [id_loja, nome]
19/11/2010 12:33:02 org.hibernate.tool.hbm2ddl.TableMetadata <init>
INFO: foreign keys: []
19/11/2010 12:33:02 org.hibernate.tool.hbm2ddl.TableMetadata <init>
INFO: indexes: [primary]
19/11/2010 12:33:02 org.hibernate.tool.hbm2ddl.TableMetadata <init>
INFO: table found: svtestes.pedido
19/11/2010 12:33:02 org.hibernate.tool.hbm2ddl.TableMetadata <init>
INFO: columns: [carrinho_id_carrinho, valortotal, id_pedido]
19/11/2010 12:33:02 org.hibernate.tool.hbm2ddl.TableMetadata <init>
INFO: foreign keys: []
19/11/2010 12:33:02 org.hibernate.tool.hbm2ddl.TableMetadata <init>
INFO: indexes: [primary, fkc4dd17451e1ab2ea]
19/11/2010 12:33:02 org.hibernate.tool.hbm2ddl.TableMetadata <init>
INFO: table found: svtestes.produto
19/11/2010 12:33:02 org.hibernate.tool.hbm2ddl.TableMetadata <init>
INFO: columns: [preco, quantidade, imagem, id_produto, nome, loja_id_loja]
19/11/2010 12:33:02 org.hibernate.tool.hbm2ddl.TableMetadata <init>
INFO: foreign keys: []
19/11/2010 12:33:02 org.hibernate.tool.hbm2ddl.TableMetadata <init>
INFO: indexes: [primary, fked8dcef9ee598cba]
19/11/2010 12:33:02 org.hibernate.tool.hbm2ddl.SchemaUpdate execute
INFO: schema update complete
19/11/2010 12:33:02 org.hibernate.cfg.AnnotationBinder bindClass
INFO: Binding entity from annotated class: aplicacao.Item
19/11/2010 12:33:02 org.hibernate.cfg.annotations.EntityBinder bindTable
INFO: Bind entity aplicacao.Item on table item
19/11/2010 12:33:02 org.hibernate.cfg.AnnotationBinder bindClass
INFO: Binding entity from annotated class: aplicacao.Produto
19/11/2010 12:33:02 org.hibernate.cfg.annotations.EntityBinder bindTable
INFO: Bind entity aplicacao.Produto on table produto
19/11/2010 12:33:02 org.hibernate.cfg.AnnotationBinder bindClass
INFO: Binding entity from annotated class: aplicacao.Loja
19/11/2010 12:33:02 org.hibernate.cfg.annotations.EntityBinder bindTable
INFO: Bind entity aplicacao.Loja on table loja
19/11/2010 12:33:02 org.hibernate.cfg.AnnotationBinder bindClass
INFO: Binding entity from annotated class: aplicacao.Pedido
19/11/2010 12:33:02 org.hibernate.cfg.annotations.EntityBinder bindTable
INFO: Bind entity aplicacao.Pedido on table pedido
19/11/2010 12:33:02 org.hibernate.cfg.AnnotationBinder bindClass
INFO: Binding entity from annotated class: aplicacao.Carrinho
19/11/2010 12:33:02 org.hibernate.cfg.annotations.EntityBinder bindTable
INFO: Bind entity aplicacao.Carrinho on table carrinho
19/11/2010 12:33:02 org.hibernate.cfg.annotations.CollectionBinder bindOneToManySecondPass
INFO: Mapping collection: aplicacao.Carrinho.itens -> item
19/11/2010 12:33:02 org.hibernate.cfg.AnnotationConfiguration secondPassCompile
INFO: Hibernate Validator not found: ignoring
19/11/2010 12:33:02 org.hibernate.connection.DriverManagerConnectionProvider configure
INFO: Using Hibernate built-in connection pool (not for production use!)
19/11/2010 12:33:02 org.hibernate.connection.DriverManagerConnectionProvider configure
INFO: Hibernate connection pool size: 20
19/11/2010 12:33:02 org.hibernate.connection.DriverManagerConnectionProvider configure
INFO: autocommit mode: true
19/11/2010 12:33:02 org.hibernate.connection.DriverManagerConnectionProvider configure
INFO: using driver: com.mysql.jdbc.Driver at URL: jdbc:mysql://localhost:3306/svtestes
19/11/2010 12:33:02 org.hibernate.connection.DriverManagerConnectionProvider configure
INFO: connection properties: {user=root, password=****, autocommit=true, release_mode=auto}
19/11/2010 12:33:02 org.hibernate.cfg.SettingsFactory buildSettings
INFO: RDBMS: MySQL, version: 5.1.52
19/11/2010 12:33:02 org.hibernate.cfg.SettingsFactory buildSettings
INFO: JDBC driver: MySQL-AB JDBC Driver, version: mysql-connector-java-5.1.13 ( Revision: ${bzr.revision-id} )
19/11/2010 12:33:02 org.hibernate.dialect.Dialect <init>
INFO: Using dialect: org.hibernate.dialect.MySQLDialect
19/11/2010 12:33:02 org.hibernate.transaction.TransactionFactoryFactory buildTransactionFactory
INFO: Transaction strategy: org.hibernate.transaction.JDBCTransactionFactory
19/11/2010 12:33:02 org.hibernate.transaction.TransactionManagerLookupFactory getTransactionManagerLookup
INFO: No TransactionManagerLookup configured (in JTA environment, use of read-write or transactional second-level cache is not recommended)
19/11/2010 12:33:02 org.hibernate.cfg.SettingsFactory buildSettings
INFO: Automatic flush during beforeCompletion(): disabled
19/11/2010 12:33:02 org.hibernate.cfg.SettingsFactory buildSettings
INFO: Automatic session close at end of transaction: disabled
19/11/2010 12:33:02 org.hibernate.cfg.SettingsFactory buildSettings
INFO: JDBC batch size: 15
19/11/2010 12:33:02 org.hibernate.cfg.SettingsFactory buildSettings
INFO: JDBC batch updates for versioned data: disabled
19/11/2010 12:33:02 org.hibernate.cfg.SettingsFactory buildSettings
INFO: Scrollable result sets: enabled
19/11/2010 12:33:02 org.hibernate.cfg.SettingsFactory buildSettings
INFO: JDBC3 getGeneratedKeys(): enabled
19/11/2010 12:33:02 org.hibernate.cfg.SettingsFactory buildSettings
INFO: Connection release mode: auto
19/11/2010 12:33:02 org.hibernate.cfg.SettingsFactory buildSettings
INFO: Maximum outer join fetch depth: 2
19/11/2010 12:33:02 org.hibernate.cfg.SettingsFactory buildSettings
INFO: Default batch fetch size: 1
19/11/2010 12:33:02 org.hibernate.cfg.SettingsFactory buildSettings
INFO: Generate SQL with comments: disabled
19/11/2010 12:33:02 org.hibernate.cfg.SettingsFactory buildSettings
INFO: Order SQL updates by primary key: disabled
19/11/2010 12:33:02 org.hibernate.cfg.SettingsFactory buildSettings
INFO: Order SQL inserts for batching: disabled
19/11/2010 12:33:02 org.hibernate.cfg.SettingsFactory createQueryTranslatorFactory
INFO: Query translator: org.hibernate.hql.ast.ASTQueryTranslatorFactory
19/11/2010 12:33:02 org.hibernate.hql.ast.ASTQueryTranslatorFactory <init>
INFO: Using ASTQueryTranslatorFactory
19/11/2010 12:33:02 org.hibernate.cfg.SettingsFactory buildSettings
INFO: Query language substitutions: {}
19/11/2010 12:33:02 org.hibernate.cfg.SettingsFactory buildSettings
INFO: JPA-QL strict compliance: enabled
19/11/2010 12:33:02 org.hibernate.cfg.SettingsFactory buildSettings
INFO: Second-level cache: enabled
19/11/2010 12:33:02 org.hibernate.cfg.SettingsFactory buildSettings
INFO: Query cache: disabled
19/11/2010 12:33:02 org.hibernate.cfg.SettingsFactory createCacheProvider
INFO: Cache provider: org.hibernate.cache.NoCacheProvider
19/11/2010 12:33:02 org.hibernate.cfg.SettingsFactory buildSettings
INFO: Optimize cache for minimal puts: disabled
19/11/2010 12:33:02 org.hibernate.cfg.SettingsFactory buildSettings
INFO: Structured second-level cache entries: disabled
19/11/2010 12:33:02 org.hibernate.cfg.SettingsFactory buildSettings
INFO: Statistics: disabled
19/11/2010 12:33:02 org.hibernate.cfg.SettingsFactory buildSettings
INFO: Deleted entity synthetic identifier rollback: disabled
19/11/2010 12:33:02 org.hibernate.cfg.SettingsFactory buildSettings
INFO: Default entity-mode: pojo
19/11/2010 12:33:02 org.hibernate.cfg.SettingsFactory buildSettings
INFO: Named query checking : enabled
19/11/2010 12:33:02 org.hibernate.impl.SessionFactoryImpl <init>
INFO: building session factory
19/11/2010 12:33:02 org.hibernate.impl.SessionFactoryObjectFactory addInstance
INFO: Not binding factory to JNDI, no JNDI name configured
19/11/2010 12:33:02 org.hibernate.tool.hbm2ddl.SchemaUpdate execute
INFO: Running hbm2ddl schema update
19/11/2010 12:33:02 org.hibernate.tool.hbm2ddl.SchemaUpdate execute
INFO: fetching database metadata
19/11/2010 12:33:02 org.hibernate.tool.hbm2ddl.SchemaUpdate execute
INFO: updating schema
19/11/2010 12:33:02 org.hibernate.tool.hbm2ddl.TableMetadata <init>
INFO: table found: svtestes.carrinho
19/11/2010 12:33:02 org.hibernate.tool.hbm2ddl.TableMetadata <init>
INFO: columns: [id_carrinho]
19/11/2010 12:33:02 org.hibernate.tool.hbm2ddl.TableMetadata <init>
INFO: foreign keys: []
19/11/2010 12:33:02 org.hibernate.tool.hbm2ddl.TableMetadata <init>
INFO: indexes: [primary]
19/11/2010 12:33:02 org.hibernate.tool.hbm2ddl.TableMetadata <init>
INFO: table found: svtestes.item
19/11/2010 12:33:02 org.hibernate.tool.hbm2ddl.TableMetadata <init>
INFO: columns: [quantidade, valor, id_produto, id_item, id_carrinho]
19/11/2010 12:33:02 org.hibernate.tool.hbm2ddl.TableMetadata <init>
INFO: foreign keys: []
19/11/2010 12:33:02 org.hibernate.tool.hbm2ddl.TableMetadata <init>
INFO: indexes: [primary, fk317b13ff68729f]
19/11/2010 12:33:02 org.hibernate.tool.hbm2ddl.TableMetadata <init>
INFO: table found: svtestes.loja
19/11/2010 12:33:02 org.hibernate.tool.hbm2ddl.TableMetadata <init>
INFO: columns: [id_loja, nome]
19/11/2010 12:33:02 org.hibernate.tool.hbm2ddl.TableMetadata <init>
INFO: foreign keys: []
19/11/2010 12:33:02 org.hibernate.tool.hbm2ddl.TableMetadata <init>
INFO: indexes: [primary]
19/11/2010 12:33:02 org.hibernate.tool.hbm2ddl.TableMetadata <init>
INFO: table found: svtestes.pedido
19/11/2010 12:33:02 org.hibernate.tool.hbm2ddl.TableMetadata <init>
INFO: columns: [carrinho_id_carrinho, valortotal, id_pedido]
19/11/2010 12:33:02 org.hibernate.tool.hbm2ddl.TableMetadata <init>
INFO: foreign keys: []
19/11/2010 12:33:02 org.hibernate.tool.hbm2ddl.TableMetadata <init>
INFO: indexes: [primary, fkc4dd17451e1ab2ea]
19/11/2010 12:33:02 org.hibernate.tool.hbm2ddl.TableMetadata <init>
INFO: table found: svtestes.produto
19/11/2010 12:33:02 org.hibernate.tool.hbm2ddl.TableMetadata <init>
INFO: columns: [preco, quantidade, imagem, id_produto, nome, loja_id_loja]
19/11/2010 12:33:02 org.hibernate.tool.hbm2ddl.TableMetadata <init>
INFO: foreign keys: []
19/11/2010 12:33:02 org.hibernate.tool.hbm2ddl.TableMetadata <init>
INFO: indexes: [primary, fked8dcef9ee598cba]
19/11/2010 12:33:02 org.hibernate.tool.hbm2ddl.SchemaUpdate execute
INFO: schema update complete
]]></system-err>
</testsuite>
